2025-07-10 02:18:46,068  === metric-only session started ===
2025-07-10 02:18:46,088  Found 230 prediction files
2025-07-10 02:18:47,161  [1/230] BraTS-GLI-00819-000_real_label_45    Dice=0.8764  IoU=0.7800
2025-07-10 02:19:29,332  === metric-only session started ===
2025-07-10 02:19:29,346  Found 230 prediction files
2025-07-10 02:19:30,533  [2/230] BraTS-GLI-00819-000_real_label_47    Dice=0.9110  IoU=0.8366
2025-07-10 02:19:34,447  [3/230] BraTS-GLI-00819-000_real_label_48    Dice=0.8859  IoU=0.7951
2025-07-10 02:19:36,077  [4/230] BraTS-GLI-00819-000_real_label_51    Dice=0.8987  IoU=0.8160
2025-07-10 02:19:37,765  [5/230] BraTS-GLI-00819-000_real_label_52    Dice=0.9074  IoU=0.8305
2025-07-10 02:19:39,225  [6/230] BraTS-GLI-00819-000_real_label_54    Dice=0.8894  IoU=0.8008
2025-07-10 02:19:40,667  [7/230] BraTS-GLI-00819-000_real_label_55    Dice=0.8854  IoU=0.7944
2025-07-10 02:19:42,289  [8/230] BraTS-GLI-00819-000_real_label_56    Dice=0.9056  IoU=0.8275
2025-07-10 02:19:43,826  [9/230] BraTS-GLI-00819-000_real_label_60    Dice=0.8720  IoU=0.7731
2025-07-10 02:19:45,476  [10/230] BraTS-GLI-00819-000_real_label_63    Dice=0.8622  IoU=0.7578
2025-07-10 02:24:22,814  === metric-only session started ===
2025-07-10 02:24:22,830  Found 230 prediction files
2025-07-10 02:24:23,430  [11/230] BraTS-GLI-00819-000_real_label_68    Dice=0.8998  IoU=0.8178
2025-07-10 02:24:24,986  [12/230] BraTS-GLI-00819-000_real_label_7     Dice=0.8777  IoU=0.7821
2025-07-10 02:24:27,271  [13/230] BraTS-GLI-00819-000_real_label_72    Dice=0.8988  IoU=0.8163
2025-07-10 02:24:28,762  [14/230] BraTS-GLI-00819-000_real_label_73    Dice=0.8683  IoU=0.7673
2025-07-10 02:24:30,195  [15/230] BraTS-GLI-00819-000_real_label_76    Dice=0.8597  IoU=0.7540
2025-07-10 02:24:31,761  [16/230] BraTS-GLI-00819-000_real_label_78    Dice=0.8764  IoU=0.7800
2025-07-10 02:24:33,287  [17/230] BraTS-GLI-00819-000_real_label_81    Dice=0.8816  IoU=0.7883
2025-07-10 02:24:36,018  [18/230] BraTS-GLI-00819-000_real_label_84    Dice=0.8983  IoU=0.8153
2025-07-10 02:24:37,681  [19/230] BraTS-GLI-00819-000_real_label_85    Dice=0.8983  IoU=0.8154
2025-07-10 02:24:39,394  [20/230] BraTS-GLI-00819-000_real_label_86    Dice=0.8828  IoU=0.7902
2025-07-10 02:24:41,004  [21/230] BraTS-GLI-00819-000_real_label_87    Dice=0.9192  IoU=0.8504
2025-07-10 02:24:42,714  [22/230] BraTS-GLI-00819-000_real_label_88    Dice=0.8901  IoU=0.8019
2025-07-10 02:24:44,857  [23/230] BraTS-GLI-00819-000_real_label_89    Dice=0.8786  IoU=0.7835
2025-07-10 02:24:47,038  [24/230] BraTS-GLI-00819-000_real_label_91    Dice=0.8974  IoU=0.8139
2025-07-10 02:24:48,450  [25/230] BraTS-GLI-00819-000_real_label_92    Dice=0.8783  IoU=0.7829
2025-07-10 02:24:49,837  [26/230] BraTS-GLI-00819-000_real_label_93    Dice=0.8941  IoU=0.8084
2025-07-10 02:24:52,061  [27/230] BraTS-GLI-00819-000_real_label_94    Dice=0.8900  IoU=0.8019
2025-07-10 02:24:53,549  [28/230] BraTS-GLI-00819-000_real_label_96    Dice=0.9148  IoU=0.8430
2025-07-10 02:24:55,052  [29/230] BraTS-GLI-00819-000_real_label_98    Dice=0.8915  IoU=0.8042
2025-07-10 02:24:56,513  [30/230] BraTS-GLI-00820-000_fake_label_0     Dice=0.9158  IoU=0.8446
2025-07-10 02:24:59,866  [31/230] BraTS-GLI-00820-000_fake_label_1     Dice=0.9348  IoU=0.8776
2025-07-10 02:25:01,247  [32/230] BraTS-GLI-00820-000_fake_label_10    Dice=0.9051  IoU=0.8266
2025-07-10 02:25:02,859  [33/230] BraTS-GLI-00820-000_fake_label_11    Dice=0.9125  IoU=0.8391
2025-07-10 02:25:04,441  [34/230] BraTS-GLI-00820-000_fake_label_12    Dice=0.9185  IoU=0.8493
2025-07-10 02:25:06,308  [35/230] BraTS-GLI-00820-000_fake_label_15    Dice=0.9281  IoU=0.8658
2025-07-10 02:25:07,947  [36/230] BraTS-GLI-00820-000_fake_label_16    Dice=0.8641  IoU=0.7607
2025-07-10 02:25:09,380  [37/230] BraTS-GLI-00820-000_fake_label_19    Dice=0.9229  IoU=0.8568
2025-07-10 02:25:10,812  [38/230] BraTS-GLI-00820-000_fake_label_2     Dice=0.8697  IoU=0.7695
2025-07-10 02:25:12,153  [39/230] BraTS-GLI-00820-000_fake_label_20    Dice=0.9121  IoU=0.8383
2025-07-10 02:25:13,595  [40/230] BraTS-GLI-00820-000_fake_label_21    Dice=0.8599  IoU=0.7543
2025-07-10 02:25:15,917  [41/230] BraTS-GLI-00820-000_fake_label_22    Dice=0.9110  IoU=0.8366
2025-07-10 02:25:17,678  [42/230] BraTS-GLI-00820-000_fake_label_24    Dice=0.9232  IoU=0.8574
2025-07-10 02:25:20,408  [43/230] BraTS-GLI-00820-000_fake_label_25    Dice=0.9192  IoU=0.8504
2025-07-10 02:25:21,926  [44/230] BraTS-GLI-00820-000_fake_label_26    Dice=0.9345  IoU=0.8770
2025-07-10 02:25:23,330  [45/230] BraTS-GLI-00820-000_fake_label_31    Dice=0.9293  IoU=0.8679
2025-07-10 02:25:24,938  [46/230] BraTS-GLI-00820-000_fake_label_32    Dice=0.9401  IoU=0.8869
2025-07-10 02:25:26,328  [47/230] BraTS-GLI-00820-000_fake_label_33    Dice=0.9193  IoU=0.8506
2025-07-10 02:25:27,711  [48/230] BraTS-GLI-00820-000_fake_label_35    Dice=0.9073  IoU=0.8303
2025-07-10 02:25:29,176  [49/230] BraTS-GLI-00820-000_fake_label_36    Dice=0.9164  IoU=0.8457
2025-07-10 02:25:30,918  [50/230] BraTS-GLI-00820-000_fake_label_37    Dice=0.8982  IoU=0.8151
2025-07-10 02:25:32,553  [51/230] BraTS-GLI-00820-000_fake_label_39    Dice=0.9087  IoU=0.8327
2025-07-10 02:25:34,059  [52/230] BraTS-GLI-00820-000_fake_label_44    Dice=0.9222  IoU=0.8556
2025-07-10 02:25:35,430  [53/230] BraTS-GLI-00820-000_fake_label_50    Dice=0.9212  IoU=0.8539
2025-07-10 02:25:36,995  [54/230] BraTS-GLI-00820-000_fake_label_51    Dice=0.9373  IoU=0.8819
2025-07-10 02:25:38,423  [55/230] BraTS-GLI-00820-000_fake_label_53    Dice=0.7870  IoU=0.6488
2025-07-10 02:25:39,934  [56/230] BraTS-GLI-00820-000_fake_label_54    Dice=0.9558  IoU=0.9154
2025-07-10 02:25:41,367  [57/230] BraTS-GLI-00820-000_fake_label_56    Dice=0.9263  IoU=0.8627
2025-07-10 02:25:42,771  [58/230] BraTS-GLI-00820-000_fake_label_57    Dice=0.9128  IoU=0.8396
2025-07-10 02:25:44,650  [59/230] BraTS-GLI-00820-000_fake_label_60    Dice=0.9511  IoU=0.9068
2025-07-10 02:25:46,795  [60/230] BraTS-GLI-00820-000_fake_label_62    Dice=0.9387  IoU=0.8845
2025-07-10 02:25:48,266  [61/230] BraTS-GLI-00820-000_fake_label_65    Dice=0.8846  IoU=0.7931
2025-07-10 02:25:49,632  [62/230] BraTS-GLI-00820-000_fake_label_66    Dice=0.8233  IoU=0.6996
2025-07-10 02:25:52,903  [63/230] BraTS-GLI-00820-000_fake_label_68    Dice=0.9076  IoU=0.8309
2025-07-10 02:25:55,205  [64/230] BraTS-GLI-00820-000_fake_label_7     Dice=0.9284  IoU=0.8663
2025-07-10 02:25:56,606  [65/230] BraTS-GLI-00820-000_fake_label_70    Dice=0.9263  IoU=0.8627
2025-07-10 02:25:58,205  [66/230] BraTS-GLI-00820-000_fake_label_71    Dice=0.9090  IoU=0.8331
2025-07-10 02:26:00,727  [67/230] BraTS-GLI-00820-000_fake_label_72    Dice=0.9122  IoU=0.8386
2025-07-10 02:26:02,378  [68/230] BraTS-GLI-00820-000_fake_label_73    Dice=0.9126  IoU=0.8392
2025-07-10 02:26:03,706  [69/230] BraTS-GLI-00820-000_fake_label_74    Dice=0.8879  IoU=0.7983
2025-07-10 02:26:05,429  [70/230] BraTS-GLI-00820-000_fake_label_75    Dice=0.9214  IoU=0.8543
2025-07-10 02:26:06,992  [71/230] BraTS-GLI-00820-000_fake_label_76    Dice=0.9396  IoU=0.8862
2025-07-10 02:26:08,404  [72/230] BraTS-GLI-00820-000_fake_label_77    Dice=0.8943  IoU=0.8089
2025-07-10 02:26:09,824  [73/230] BraTS-GLI-00820-000_fake_label_78    Dice=0.9195  IoU=0.8510
2025-07-10 02:26:11,232  [74/230] BraTS-GLI-00820-000_fake_label_79    Dice=0.8996  IoU=0.8175
2025-07-10 02:26:12,835  [75/230] BraTS-GLI-00820-000_fake_label_8     Dice=0.9342  IoU=0.8766
2025-07-10 02:26:14,429  [76/230] BraTS-GLI-00820-000_fake_label_81    Dice=0.9451  IoU=0.8958
2025-07-10 02:26:15,850  [77/230] BraTS-GLI-00820-000_fake_label_83    Dice=0.9061  IoU=0.8284
2025-07-10 02:26:17,198  [78/230] BraTS-GLI-00820-000_fake_label_86    Dice=0.8900  IoU=0.8017
2025-07-10 02:26:18,713  [79/230] BraTS-GLI-00820-000_fake_label_88    Dice=0.9056  IoU=0.8276
2025-07-10 02:26:20,401  [80/230] BraTS-GLI-00820-000_fake_label_9     Dice=0.9117  IoU=0.8378
2025-07-10 02:26:21,874  [81/230] BraTS-GLI-00820-000_fake_label_90    Dice=0.9040  IoU=0.8249
2025-07-10 02:26:23,222  [82/230] BraTS-GLI-00820-000_fake_label_91    Dice=0.8944  IoU=0.8089
2025-07-10 02:26:24,512  [83/230] BraTS-GLI-00820-000_fake_label_93    Dice=0.9210  IoU=0.8536
2025-07-10 02:26:26,001  [84/230] BraTS-GLI-00820-000_fake_label_95    Dice=0.9234  IoU=0.8576
2025-07-10 02:26:27,833  [85/230] BraTS-GLI-00820-000_fake_label_96    Dice=0.9087  IoU=0.8327
2025-07-10 02:26:29,187  [86/230] BraTS-GLI-00820-000_fake_label_97    Dice=0.9115  IoU=0.8373
2025-07-10 02:26:30,899  [87/230] BraTS-GLI-00820-000_fake_label_98    Dice=0.9363  IoU=0.8803
2025-07-10 02:26:32,281  [88/230] BraTS-GLI-00820-000_real_label_13    Dice=0.9033  IoU=0.8236
2025-07-10 02:26:33,761  [89/230] BraTS-GLI-00820-000_real_label_14    Dice=0.9000  IoU=0.8181
2025-07-10 02:26:35,179  [90/230] BraTS-GLI-00820-000_real_label_17    Dice=0.9145  IoU=0.8425
2025-07-10 02:26:36,589  [91/230] BraTS-GLI-00820-000_real_label_18    Dice=0.8841  IoU=0.7924
2025-07-10 02:26:39,142  [92/230] BraTS-GLI-00820-000_real_label_23    Dice=0.9137  IoU=0.8411
2025-07-10 02:26:40,764  [93/230] BraTS-GLI-00820-000_real_label_27    Dice=0.9146  IoU=0.8426
2025-07-10 02:26:42,393  [94/230] BraTS-GLI-00820-000_real_label_28    Dice=0.8490  IoU=0.7377
2025-07-10 02:26:43,920  [95/230] BraTS-GLI-00820-000_real_label_29    Dice=0.8817  IoU=0.7885
2025-07-10 02:26:45,296  [96/230] BraTS-GLI-00820-000_real_label_3     Dice=0.9104  IoU=0.8356
2025-07-10 02:26:46,937  [97/230] BraTS-GLI-00820-000_real_label_30    Dice=0.9231  IoU=0.8571
2025-07-10 02:26:48,370  [98/230] BraTS-GLI-00820-000_real_label_34    Dice=0.9227  IoU=0.8564
2025-07-10 02:26:49,853  [99/230] BraTS-GLI-00820-000_real_label_38    Dice=0.9221  IoU=0.8555
2025-07-10 02:26:51,334  [100/230] BraTS-GLI-00820-000_real_label_4     Dice=0.8960  IoU=0.8115
2025-07-10 02:26:53,727  [101/230] BraTS-GLI-00820-000_real_label_40    Dice=0.9351  IoU=0.8780
2025-07-10 02:26:56,438  [102/230] BraTS-GLI-00820-000_real_label_41    Dice=0.9209  IoU=0.8534
2025-07-10 02:26:58,491  [103/230] BraTS-GLI-00820-000_real_label_42    Dice=0.9007  IoU=0.8193
2025-07-10 02:27:01,528  [104/230] BraTS-GLI-00820-000_real_label_43    Dice=0.9150  IoU=0.8434
2025-07-10 02:27:03,803  [105/230] BraTS-GLI-00820-000_real_label_45    Dice=0.9217  IoU=0.8548
2025-07-10 02:27:05,249  [106/230] BraTS-GLI-00820-000_real_label_46    Dice=0.9302  IoU=0.8695
2025-07-10 02:27:07,253  [107/230] BraTS-GLI-00820-000_real_label_47    Dice=0.8963  IoU=0.8121
2025-07-10 02:27:09,045  [108/230] BraTS-GLI-00820-000_real_label_48    Dice=0.9427  IoU=0.8917
2025-07-10 02:27:10,544  [109/230] BraTS-GLI-00820-000_real_label_49    Dice=0.9129  IoU=0.8397
2025-07-10 02:27:12,167  [110/230] BraTS-GLI-00820-000_real_label_5     Dice=0.9378  IoU=0.8829
2025-07-10 02:27:13,644  [111/230] BraTS-GLI-00820-000_real_label_52    Dice=0.9187  IoU=0.8496
2025-07-10 02:27:15,187  [112/230] BraTS-GLI-00820-000_real_label_55    Dice=0.8881  IoU=0.7987
2025-07-10 02:27:16,789  [113/230] BraTS-GLI-00820-000_real_label_58    Dice=0.9157  IoU=0.8445
2025-07-10 02:27:18,193  [114/230] BraTS-GLI-00820-000_real_label_59    Dice=0.9425  IoU=0.8913
2025-07-10 02:27:20,412  [115/230] BraTS-GLI-00820-000_real_label_6     Dice=0.9387  IoU=0.8845
2025-07-10 02:27:22,105  [116/230] BraTS-GLI-00820-000_real_label_61    Dice=0.9209  IoU=0.8534
2025-07-10 02:27:23,819  [117/230] BraTS-GLI-00820-000_real_label_63    Dice=0.9006  IoU=0.8192
2025-07-10 02:27:25,240  [118/230] BraTS-GLI-00820-000_real_label_64    Dice=0.9270  IoU=0.8639
2025-07-10 02:27:27,302  [119/230] BraTS-GLI-00820-000_real_label_67    Dice=0.9242  IoU=0.8591
2025-07-10 02:27:28,781  [120/230] BraTS-GLI-00820-000_real_label_69    Dice=0.9374  IoU=0.8822
2025-07-10 02:27:30,296  [121/230] BraTS-GLI-00820-000_real_label_80    Dice=0.9377  IoU=0.8827
2025-07-10 02:27:31,782  [122/230] BraTS-GLI-00820-000_real_label_82    Dice=0.8879  IoU=0.7983
2025-07-10 02:27:34,939  [123/230] BraTS-GLI-00820-000_real_label_84    Dice=0.9078  IoU=0.8312
2025-07-10 02:27:36,631  [124/230] BraTS-GLI-00820-000_real_label_85    Dice=0.8638  IoU=0.7603
2025-07-10 02:27:38,057  [125/230] BraTS-GLI-00820-000_real_label_87    Dice=0.9057  IoU=0.8276
2025-07-10 02:27:39,473  [126/230] BraTS-GLI-00820-000_real_label_89    Dice=0.8862  IoU=0.7957
2025-07-10 02:27:42,172  [127/230] BraTS-GLI-00820-000_real_label_92    Dice=0.9219  IoU=0.8550
2025-07-10 02:27:43,574  [128/230] BraTS-GLI-00820-000_real_label_94    Dice=0.9211  IoU=0.8537
2025-07-10 02:27:44,997  [129/230] BraTS-GLI-00820-000_real_label_99    Dice=0.8383  IoU=0.7216
2025-07-10 02:27:46,410  [130/230] BraTS-GLI-00823-000_fake_label_0     Dice=0.9749  IoU=0.9511
2025-07-10 02:27:48,702  [131/230] BraTS-GLI-00823-000_fake_label_1     Dice=0.9687  IoU=0.9393
2025-07-10 02:27:50,399  [132/230] BraTS-GLI-00823-000_fake_label_10    Dice=0.9633  IoU=0.9293
2025-07-10 02:27:51,774  [133/230] BraTS-GLI-00823-000_fake_label_11    Dice=0.9652  IoU=0.9327
2025-07-10 02:27:53,415  [134/230] BraTS-GLI-00823-000_fake_label_12    Dice=0.9678  IoU=0.9376
2025-07-10 02:27:54,942  [135/230] BraTS-GLI-00823-000_fake_label_13    Dice=0.9650  IoU=0.9324
2025-07-10 02:27:56,657  [136/230] BraTS-GLI-00823-000_fake_label_14    Dice=0.9641  IoU=0.9307
2025-07-10 02:27:58,250  [137/230] BraTS-GLI-00823-000_fake_label_15    Dice=0.9557  IoU=0.9152
2025-07-10 02:27:59,667  [138/230] BraTS-GLI-00823-000_fake_label_16    Dice=0.9069  IoU=0.8296
2025-07-10 02:28:02,364  [139/230] BraTS-GLI-00823-000_fake_label_17    Dice=0.9624  IoU=0.9276
2025-07-10 02:28:04,244  [140/230] BraTS-GLI-00823-000_fake_label_18    Dice=0.9587  IoU=0.9207
2025-07-10 02:28:05,628  [141/230] BraTS-GLI-00823-000_fake_label_2     Dice=0.9579  IoU=0.9192
2025-07-10 02:28:06,966  [142/230] BraTS-GLI-00823-000_fake_label_22    Dice=0.9592  IoU=0.9216
2025-07-10 02:28:08,392  [143/230] BraTS-GLI-00823-000_fake_label_24    Dice=0.9547  IoU=0.9134
2025-07-10 02:28:10,087  [144/230] BraTS-GLI-00823-000_fake_label_27    Dice=0.9594  IoU=0.9220
2025-07-10 02:28:11,774  [145/230] BraTS-GLI-00823-000_fake_label_28    Dice=0.9504  IoU=0.9055
2025-07-10 02:28:13,339  [146/230] BraTS-GLI-00823-000_fake_label_29    Dice=0.9603  IoU=0.9237
2025-07-10 02:28:14,923  [147/230] BraTS-GLI-00823-000_fake_label_32    Dice=0.9563  IoU=0.9163
2025-07-10 02:28:16,621  [148/230] BraTS-GLI-00823-000_fake_label_33    Dice=0.9714  IoU=0.9443
2025-07-10 02:28:18,444  [149/230] BraTS-GLI-00823-000_fake_label_34    Dice=0.9676  IoU=0.9372
2025-07-10 02:28:20,225  [150/230] BraTS-GLI-00823-000_fake_label_38    Dice=0.9710  IoU=0.9437
2025-07-10 02:28:21,711  [151/230] BraTS-GLI-00823-000_fake_label_4     Dice=0.9673  IoU=0.9366
2025-07-10 02:28:23,344  [152/230] BraTS-GLI-00823-000_fake_label_42    Dice=0.9621  IoU=0.9270
2025-07-10 02:28:24,841  [153/230] BraTS-GLI-00823-000_fake_label_43    Dice=0.9665  IoU=0.9352
2025-07-10 02:28:26,489  [154/230] BraTS-GLI-00823-000_fake_label_44    Dice=0.9446  IoU=0.8950
2025-07-10 02:28:27,927  [155/230] BraTS-GLI-00823-000_fake_label_45    Dice=0.9029  IoU=0.8229
2025-07-10 02:28:29,703  [156/230] BraTS-GLI-00823-000_fake_label_48    Dice=0.9577  IoU=0.9187
2025-07-10 02:28:31,540  [157/230] BraTS-GLI-00823-000_fake_label_49    Dice=0.9678  IoU=0.9376
2025-07-10 02:28:33,067  [158/230] BraTS-GLI-00823-000_fake_label_5     Dice=0.9119  IoU=0.8381
2025-07-10 02:28:34,540  [159/230] BraTS-GLI-00823-000_fake_label_53    Dice=0.9601  IoU=0.9232
2025-07-10 02:28:36,324  [160/230] BraTS-GLI-00823-000_fake_label_54    Dice=0.9563  IoU=0.9163
2025-07-10 02:28:37,882  [161/230] BraTS-GLI-00823-000_fake_label_55    Dice=0.9591  IoU=0.9214
2025-07-10 02:28:39,344  [162/230] BraTS-GLI-00823-000_fake_label_56    Dice=0.9468  IoU=0.8990
2025-07-10 02:28:42,991  [163/230] BraTS-GLI-00823-000_fake_label_57    Dice=0.9551  IoU=0.9141
2025-07-10 02:28:44,893  [164/230] BraTS-GLI-00823-000_fake_label_58    Dice=0.9592  IoU=0.9217
2025-07-10 02:28:46,252  [165/230] BraTS-GLI-00823-000_fake_label_6     Dice=0.9598  IoU=0.9227
2025-07-10 02:28:48,287  [166/230] BraTS-GLI-00823-000_fake_label_60    Dice=0.9623  IoU=0.9274
2025-07-10 02:28:49,935  [167/230] BraTS-GLI-00823-000_fake_label_61    Dice=0.9655  IoU=0.9333
2025-07-10 02:28:51,359  [168/230] BraTS-GLI-00823-000_fake_label_62    Dice=0.9619  IoU=0.9265
2025-07-10 02:28:52,842  [169/230] BraTS-GLI-00823-000_fake_label_64    Dice=0.9648  IoU=0.9321
2025-07-10 02:28:54,352  [170/230] BraTS-GLI-00823-000_fake_label_69    Dice=0.9530  IoU=0.9102
2025-07-10 02:28:56,050  [171/230] BraTS-GLI-00823-000_fake_label_72    Dice=0.9514  IoU=0.9073
2025-07-10 02:28:57,799  [172/230] BraTS-GLI-00823-000_fake_label_75    Dice=0.9633  IoU=0.9292
2025-07-10 02:28:59,357  [173/230] BraTS-GLI-00823-000_fake_label_76    Dice=0.9626  IoU=0.9279
2025-07-10 02:29:01,232  [174/230] BraTS-GLI-00823-000_fake_label_8     Dice=0.9609  IoU=0.9248
2025-07-10 02:29:03,369  [175/230] BraTS-GLI-00823-000_fake_label_82    Dice=0.9570  IoU=0.9175
2025-07-10 02:29:05,980  [176/230] BraTS-GLI-00823-000_fake_label_83    Dice=0.9661  IoU=0.9345
2025-07-10 02:29:07,639  [177/230] BraTS-GLI-00823-000_fake_label_90    Dice=0.9658  IoU=0.9339
2025-07-10 02:29:09,300  [178/230] BraTS-GLI-00823-000_fake_label_91    Dice=0.9658  IoU=0.9339
2025-07-10 02:29:11,111  [179/230] BraTS-GLI-00823-000_fake_label_93    Dice=0.9609  IoU=0.9247
2025-07-10 02:29:12,704  [180/230] BraTS-GLI-00823-000_fake_label_95    Dice=0.9586  IoU=0.9205
2025-07-10 02:29:14,232  [181/230] BraTS-GLI-00823-000_fake_label_97    Dice=0.9537  IoU=0.9115
2025-07-10 02:29:15,639  [182/230] BraTS-GLI-00823-000_fake_label_98    Dice=0.9657  IoU=0.9336
2025-07-10 02:29:17,211  [183/230] BraTS-GLI-00823-000_fake_label_99    Dice=0.9585  IoU=0.9203
2025-07-10 02:29:18,534  [184/230] BraTS-GLI-00823-000_real_label_19    Dice=0.9107  IoU=0.8360
2025-07-10 02:29:19,995  [185/230] BraTS-GLI-00823-000_real_label_20    Dice=0.9735  IoU=0.9483
2025-07-10 02:29:21,316  [186/230] BraTS-GLI-00823-000_real_label_21    Dice=0.9518  IoU=0.9080
2025-07-10 02:29:23,319  [187/230] BraTS-GLI-00823-000_real_label_23    Dice=0.9655  IoU=0.9333
2025-07-10 02:29:24,920  [188/230] BraTS-GLI-00823-000_real_label_25    Dice=0.9622  IoU=0.9271
2025-07-10 02:29:26,271  [189/230] BraTS-GLI-00823-000_real_label_26    Dice=0.9705  IoU=0.9427
2025-07-10 02:29:27,622  [190/230] BraTS-GLI-00823-000_real_label_3     Dice=0.9683  IoU=0.9385
2025-07-10 02:29:29,123  [191/230] BraTS-GLI-00823-000_real_label_30    Dice=0.9562  IoU=0.9162
2025-07-10 02:29:30,552  [192/230] BraTS-GLI-00823-000_real_label_31    Dice=0.9615  IoU=0.9259
2025-07-10 02:29:31,953  [193/230] BraTS-GLI-00823-000_real_label_35    Dice=0.9689  IoU=0.9396
2025-07-10 02:29:33,999  [194/230] BraTS-GLI-00823-000_real_label_36    Dice=0.9626  IoU=0.9279
2025-07-10 02:29:35,659  [195/230] BraTS-GLI-00823-000_real_label_37    Dice=0.9569  IoU=0.9174
2025-07-10 02:29:37,284  [196/230] BraTS-GLI-00823-000_real_label_39    Dice=0.9588  IoU=0.9208
2025-07-10 02:29:38,882  [197/230] BraTS-GLI-00823-000_real_label_40    Dice=0.9561  IoU=0.9158
2025-07-10 02:29:40,395  [198/230] BraTS-GLI-00823-000_real_label_41    Dice=0.7622  IoU=0.6158
2025-07-10 02:29:41,781  [199/230] BraTS-GLI-00823-000_real_label_46    Dice=0.9625  IoU=0.9278
2025-07-10 02:29:44,970  [200/230] BraTS-GLI-00823-000_real_label_47    Dice=0.9660  IoU=0.9342
2025-07-10 02:29:46,420  [201/230] BraTS-GLI-00823-000_real_label_50    Dice=0.9640  IoU=0.9305
2025-07-10 02:29:48,127  [202/230] BraTS-GLI-00823-000_real_label_51    Dice=0.9650  IoU=0.9323
2025-07-10 02:29:51,139  [203/230] BraTS-GLI-00823-000_real_label_52    Dice=0.9601  IoU=0.9232
2025-07-10 02:29:54,384  [204/230] BraTS-GLI-00823-000_real_label_59    Dice=0.9492  IoU=0.9033
2025-07-10 02:29:56,654  [205/230] BraTS-GLI-00823-000_real_label_63    Dice=0.9598  IoU=0.9226
2025-07-10 02:29:58,451  [206/230] BraTS-GLI-00823-000_real_label_65    Dice=0.9471  IoU=0.8995
2025-07-10 02:29:59,937  [207/230] BraTS-GLI-00823-000_real_label_66    Dice=0.9605  IoU=0.9240
2025-07-10 02:30:01,437  [208/230] BraTS-GLI-00823-000_real_label_67    Dice=0.9540  IoU=0.9121
2025-07-10 02:30:03,106  [209/230] BraTS-GLI-00823-000_real_label_68    Dice=0.9516  IoU=0.9077
2025-07-10 02:30:05,411  [210/230] BraTS-GLI-00823-000_real_label_7     Dice=0.9602  IoU=0.9235
2025-07-10 02:30:07,217  [211/230] BraTS-GLI-00823-000_real_label_70    Dice=0.9558  IoU=0.9154
2025-07-10 02:30:10,469  [212/230] BraTS-GLI-00823-000_real_label_71    Dice=0.9595  IoU=0.9222
2025-07-10 02:30:12,614  [213/230] BraTS-GLI-00823-000_real_label_73    Dice=0.9583  IoU=0.9200
2025-07-10 02:30:14,014  [214/230] BraTS-GLI-00823-000_real_label_74    Dice=0.9658  IoU=0.9339
2025-07-10 02:30:15,598  [215/230] BraTS-GLI-00823-000_real_label_77    Dice=0.9550  IoU=0.9139
2025-07-10 02:30:17,448  [216/230] BraTS-GLI-00823-000_real_label_78    Dice=0.9543  IoU=0.9127
2025-07-10 02:30:19,717  [217/230] BraTS-GLI-00823-000_real_label_79    Dice=0.9561  IoU=0.9159
2025-07-10 02:30:21,904  [218/230] BraTS-GLI-00823-000_real_label_80    Dice=0.9622  IoU=0.9271
2025-07-10 02:30:23,566  [219/230] BraTS-GLI-00823-000_real_label_81    Dice=0.9695  IoU=0.9408
2025-07-10 02:30:25,087  [220/230] BraTS-GLI-00823-000_real_label_84    Dice=0.9678  IoU=0.9375
2025-07-10 02:30:26,565  [221/230] BraTS-GLI-00823-000_real_label_85    Dice=0.9692  IoU=0.9402
2025-07-10 02:30:28,547  [222/230] BraTS-GLI-00823-000_real_label_86    Dice=0.9609  IoU=0.9247
2025-07-10 02:30:30,221  [223/230] BraTS-GLI-00823-000_real_label_87    Dice=0.9422  IoU=0.8908
2025-07-10 02:30:31,726  [224/230] BraTS-GLI-00823-000_real_label_88    Dice=0.9358  IoU=0.8793
2025-07-10 02:30:33,294  [225/230] BraTS-GLI-00823-000_real_label_89    Dice=0.9499  IoU=0.9046
2025-07-10 02:30:36,198  [226/230] BraTS-GLI-00823-000_real_label_9     Dice=0.9544  IoU=0.9129
2025-07-10 02:30:37,976  [227/230] BraTS-GLI-00823-000_real_label_92    Dice=0.9726  IoU=0.9466
2025-07-10 02:30:39,476  [228/230] BraTS-GLI-00823-000_real_label_94    Dice=0.9627  IoU=0.9280
2025-07-10 02:30:41,248  [229/230] BraTS-GLI-00823-000_real_label_96    Dice=0.9497  IoU=0.9042
2025-07-10 02:30:42,744  [230/230] BraTS-GLI-00824-000_fake_label_1     Dice=0.7613  IoU=0.6146
2025-07-10 02:30:43,717  Finished – Avg Dice=0.9273  IoU=0.8665
